2023-03-03 07:28:32.751  INFO 18712 --- [main] com.hermo.backend.BackEndApplication     : Starting BackEndApplication using Java 11.0.16 on LAPTOP-CS0DJCCK with PID 18712 (D:\Development\spring-boot\HERMO\back-end\build\classes\java\main started by noush in D:\Development\spring-boot\HERMO\back-end)
2023-03-03 07:28:32.755  INFO 18712 --- [main] com.hermo.backend.BackEndApplication     : No active profile set, falling back to 1 default profile: "default"
2023-03-03 07:28:33.546  INFO 18712 --- [main] .s.d.r.c.RepositoryConfigurationDelegate : Bootstrapping Spring Data JPA repositories in DEFAULT mode.
2023-03-03 07:28:33.565  INFO 18712 --- [main] .s.d.r.c.RepositoryConfigurationDelegate : Finished Spring Data repository scanning in 5 ms. Found 0 JPA repository interfaces.
2023-03-03 07:28:34.276  INFO 18712 --- [main] o.s.b.w.embedded.tomcat.TomcatWebServer  : Tomcat initialized with port(s): 8080 (http)
2023-03-03 07:28:34.289  INFO 18712 --- [main] o.apache.catalina.core.StandardService   : Starting service [Tomcat]
2023-03-03 07:28:34.290  INFO 18712 --- [main] org.apache.catalina.core.StandardEngine  : Starting Servlet engine: [Apache Tomcat/9.0.71]
2023-03-03 07:28:34.446  INFO 18712 --- [main] o.a.c.c.C.[Tomcat].[localhost].[/]       : Initializing Spring embedded WebApplicationContext
2023-03-03 07:28:34.446  INFO 18712 --- [main] w.s.c.ServletWebServerApplicationContext : Root WebApplicationContext: initialization completed in 1604 ms
2023-03-03 07:28:34.676  INFO 18712 --- [main] o.hibernate.jpa.internal.util.LogHelper  : HHH000204: Processing PersistenceUnitInfo [name: default]
2023-03-03 07:28:34.734  INFO 18712 --- [main] org.hibernate.Version                    : HHH000412: Hibernate ORM core version 5.6.15.Final
2023-03-03 07:28:34.934  INFO 18712 --- [main] o.hibernate.annotations.common.Version   : HCANN000001: Hibernate Commons Annotations {5.1.2.Final}
2023-03-03 07:28:35.015  INFO 18712 --- [main] com.zaxxer.hikari.HikariDataSource       : HikariPool-1 - Starting...
2023-03-03 07:28:35.259  INFO 18712 --- [main] com.zaxxer.hikari.HikariDataSource       : HikariPool-1 - Start completed.
2023-03-03 07:28:35.279  INFO 18712 --- [main] org.hibernate.dialect.Dialect            : HHH000400: Using dialect: org.hibernate.dialect.H2Dialect
2023-03-03 07:28:35.581  INFO 18712 --- [main] o.h.e.t.j.p.i.JtaPlatformInitiator       : HHH000490: Using JtaPlatform implementation: [org.hibernate.engine.transaction.jta.platform.internal.NoJtaPlatform]
2023-03-03 07:28:35.594  INFO 18712 --- [main] j.LocalContainerEntityManagerFactoryBean : Initialized JPA EntityManagerFactory for persistence unit 'default'
2023-03-03 07:28:35.653  WARN 18712 --- [main] o.s.security.core.userdetails.User       : User.withDefaultPasswordEncoder() is considered unsafe for production and is only intended for sample applications.
2023-03-03 07:28:35.765  WARN 18712 --- [main] o.s.security.core.userdetails.User       : User.withDefaultPasswordEncoder() is considered unsafe for production and is only intended for sample applications.
2023-03-03 07:28:35.979  INFO 18712 --- [main] o.s.s.web.DefaultSecurityFilterChain     : Will secure any request with [org.springframework.security.web.session.DisableEncodeUrlFilter@42d174ad, org.springframework.security.web.context.request.async.WebAsyncManagerIntegrationFilter@4ec0229c, org.springframework.security.web.context.SecurityContextPersistenceFilter@7462ba4b, org.springframework.security.web.header.HeaderWriterFilter@2d38db6f, org.springframework.web.filter.CorsFilter@173a5fad, org.springframework.security.web.authentication.logout.LogoutFilter@137a4b54, org.springframework.security.web.authentication.UsernamePasswordAuthenticationFilter@7c9372ed, org.springframework.security.web.authentication.ui.DefaultLoginPageGeneratingFilter@7d977a20, org.springframework.security.web.authentication.ui.DefaultLogoutPageGeneratingFilter@2ce47652, org.springframework.security.web.savedrequest.RequestCacheAwareFilter@18811c42, org.springframework.security.web.servletapi.SecurityContextHolderAwareRequestFilter@627acb38, org.springframework.security.web.authentication.AnonymousAuthenticationFilter@65d90b7f, org.springframework.security.web.session.SessionManagementFilter@571d0925, org.springframework.security.web.access.ExceptionTranslationFilter@7f53fc38, org.springframework.security.web.access.intercept.FilterSecurityInterceptor@37f71c05]
2023-03-03 07:28:36.027  WARN 18712 --- [main] JpaBaseConfiguration$JpaWebConfiguration : spring.jpa.open-in-view is enabled by default. Therefore, database queries may be performed during view rendering. Explicitly configure spring.jpa.open-in-view to disable this warning
2023-03-03 07:28:36.363  INFO 18712 --- [main] o.s.b.w.embedded.tomcat.TomcatWebServer  : Tomcat started on port(s): 8080 (http) with context path ''
2023-03-03 07:28:36.373  INFO 18712 --- [main] com.hermo.backend.BackEndApplication     : Started BackEndApplication in 4.086 seconds (JVM running for 4.513)
2023-03-03 07:28:44.152  INFO 18712 --- [http-nio-8080-exec-1] o.a.c.c.C.[Tomcat].[localhost].[/]       : Initializing Spring DispatcherServlet 'dispatcherServlet'
2023-03-03 07:28:44.153  INFO 18712 --- [http-nio-8080-exec-1] o.s.web.servlet.DispatcherServlet        : Initializing Servlet 'dispatcherServlet'
2023-03-03 07:28:44.155  INFO 18712 --- [http-nio-8080-exec-1] o.s.web.servlet.DispatcherServlet        : Completed initialization in 2 ms
2023-03-03 07:30:43.810  INFO 14632 --- [main] com.hermo.backend.BackEndApplication     : Starting BackEndApplication using Java 11.0.16 on LAPTOP-CS0DJCCK with PID 14632 (D:\Development\spring-boot\HERMO\back-end\build\classes\java\main started by noush in D:\Development\spring-boot\HERMO\back-end)
2023-03-03 07:30:43.815  INFO 14632 --- [main] com.hermo.backend.BackEndApplication     : No active profile set, falling back to 1 default profile: "default"
2023-03-03 07:30:44.609  INFO 14632 --- [main] .s.d.r.c.RepositoryConfigurationDelegate : Bootstrapping Spring Data JPA repositories in DEFAULT mode.
2023-03-03 07:30:44.627  INFO 14632 --- [main] .s.d.r.c.RepositoryConfigurationDelegate : Finished Spring Data repository scanning in 6 ms. Found 0 JPA repository interfaces.
2023-03-03 07:30:45.477  INFO 14632 --- [main] o.s.b.w.embedded.tomcat.TomcatWebServer  : Tomcat initialized with port(s): 8080 (http)
2023-03-03 07:30:45.490  INFO 14632 --- [main] o.apache.catalina.core.StandardService   : Starting service [Tomcat]
2023-03-03 07:30:45.490  INFO 14632 --- [main] org.apache.catalina.core.StandardEngine  : Starting Servlet engine: [Apache Tomcat/9.0.71]
2023-03-03 07:30:45.649  INFO 14632 --- [main] o.a.c.c.C.[Tomcat].[localhost].[/]       : Initializing Spring embedded WebApplicationContext
2023-03-03 07:30:45.651  INFO 14632 --- [main] w.s.c.ServletWebServerApplicationContext : Root WebApplicationContext: initialization completed in 1750 ms
2023-03-03 07:30:45.693  INFO 14632 --- [main] com.zaxxer.hikari.HikariDataSource       : HikariPool-1 - Starting...
2023-03-03 07:30:45.952  INFO 14632 --- [main] com.zaxxer.hikari.HikariDataSource       : HikariPool-1 - Start completed.
2023-03-03 07:30:45.964  INFO 14632 --- [main] o.s.b.a.h2.H2ConsoleAutoConfiguration    : H2 console available at '/h2-console'. Database available at 'jdbc:h2:file:D:/Development/Temp/h2data/fermo-backend'
2023-03-03 07:30:46.166  INFO 14632 --- [main] o.hibernate.jpa.internal.util.LogHelper  : HHH000204: Processing PersistenceUnitInfo [name: default]
2023-03-03 07:30:46.224  INFO 14632 --- [main] org.hibernate.Version                    : HHH000412: Hibernate ORM core version 5.6.15.Final
2023-03-03 07:30:46.427  INFO 14632 --- [main] o.hibernate.annotations.common.Version   : HCANN000001: Hibernate Commons Annotations {5.1.2.Final}
2023-03-03 07:30:46.558  INFO 14632 --- [main] org.hibernate.dialect.Dialect            : HHH000400: Using dialect: org.hibernate.dialect.H2Dialect
2023-03-03 07:30:46.782  INFO 14632 --- [main] o.h.e.t.j.p.i.JtaPlatformInitiator       : HHH000490: Using JtaPlatform implementation: [org.hibernate.engine.transaction.jta.platform.internal.NoJtaPlatform]
2023-03-03 07:30:46.794  INFO 14632 --- [main] j.LocalContainerEntityManagerFactoryBean : Initialized JPA EntityManagerFactory for persistence unit 'default'
2023-03-03 07:30:46.858  WARN 14632 --- [main] o.s.security.core.userdetails.User       : User.withDefaultPasswordEncoder() is considered unsafe for production and is only intended for sample applications.
2023-03-03 07:30:46.967  WARN 14632 --- [main] o.s.security.core.userdetails.User       : User.withDefaultPasswordEncoder() is considered unsafe for production and is only intended for sample applications.
2023-03-03 07:30:47.172  INFO 14632 --- [main] o.s.s.web.DefaultSecurityFilterChain     : Will secure any request with [org.springframework.security.web.session.DisableEncodeUrlFilter@75c33608, org.springframework.security.web.context.request.async.WebAsyncManagerIntegrationFilter@25464154, org.springframework.security.web.context.SecurityContextPersistenceFilter@1c7843c3, org.springframework.security.web.header.HeaderWriterFilter@3a54638b, org.springframework.web.filter.CorsFilter@58ebee9, org.springframework.security.web.authentication.logout.LogoutFilter@563843f1, org.springframework.security.web.authentication.UsernamePasswordAuthenticationFilter@38cb1606, org.springframework.security.web.authentication.ui.DefaultLoginPageGeneratingFilter@121cf6f4, org.springframework.security.web.authentication.ui.DefaultLogoutPageGeneratingFilter@131c0b6f, org.springframework.security.web.savedrequest.RequestCacheAwareFilter@7c8f047a, org.springframework.security.web.servletapi.SecurityContextHolderAwareRequestFilter@4387d2f4, org.springframework.security.web.authentication.AnonymousAuthenticationFilter@7f030c72, org.springframework.security.web.session.SessionManagementFilter@e886caf, org.springframework.security.web.access.ExceptionTranslationFilter@4fee14b, org.springframework.security.web.access.intercept.FilterSecurityInterceptor@28519bfb]
2023-03-03 07:30:47.226  WARN 14632 --- [main] JpaBaseConfiguration$JpaWebConfiguration : spring.jpa.open-in-view is enabled by default. Therefore, database queries may be performed during view rendering. Explicitly configure spring.jpa.open-in-view to disable this warning
2023-03-03 07:30:47.591  INFO 14632 --- [main] o.s.b.w.embedded.tomcat.TomcatWebServer  : Tomcat started on port(s): 8080 (http) with context path ''
2023-03-03 07:30:47.602  INFO 14632 --- [main] com.hermo.backend.BackEndApplication     : Started BackEndApplication in 4.269 seconds (JVM running for 4.696)
2023-03-03 07:33:38.959  INFO 952 --- [main] com.hermo.backend.BackEndApplication     : Starting BackEndApplication using Java 11.0.16 on LAPTOP-CS0DJCCK with PID 952 (D:\Development\spring-boot\HERMO\back-end\build\classes\java\main started by noush in D:\Development\spring-boot\HERMO\back-end)
2023-03-03 07:33:38.962  INFO 952 --- [main] com.hermo.backend.BackEndApplication     : No active profile set, falling back to 1 default profile: "default"
2023-03-03 07:33:39.739  INFO 952 --- [main] .s.d.r.c.RepositoryConfigurationDelegate : Bootstrapping Spring Data JPA repositories in DEFAULT mode.
2023-03-03 07:33:39.762  INFO 952 --- [main] .s.d.r.c.RepositoryConfigurationDelegate : Finished Spring Data repository scanning in 8 ms. Found 0 JPA repository interfaces.
2023-03-03 07:33:40.702  INFO 952 --- [main] o.s.b.w.embedded.tomcat.TomcatWebServer  : Tomcat initialized with port(s): 8080 (http)
2023-03-03 07:33:40.715  INFO 952 --- [main] o.apache.catalina.core.StandardService   : Starting service [Tomcat]
2023-03-03 07:33:40.716  INFO 952 --- [main] org.apache.catalina.core.StandardEngine  : Starting Servlet engine: [Apache Tomcat/9.0.71]
2023-03-03 07:33:40.873  INFO 952 --- [main] o.a.c.c.C.[Tomcat].[localhost].[/]       : Initializing Spring embedded WebApplicationContext
2023-03-03 07:33:40.880  INFO 952 --- [main] w.s.c.ServletWebServerApplicationContext : Root WebApplicationContext: initialization completed in 1835 ms
2023-03-03 07:33:40.921  INFO 952 --- [main] com.zaxxer.hikari.HikariDataSource       : HikariPool-1 - Starting...
2023-03-03 07:33:41.213  INFO 952 --- [main] com.zaxxer.hikari.HikariDataSource       : HikariPool-1 - Start completed.
2023-03-03 07:33:41.229  INFO 952 --- [main] o.s.b.a.h2.H2ConsoleAutoConfiguration    : H2 console available at '/h2-console'. Database available at 'jdbc:h2:file:D:/Development/Temp/h2data/hermo-backend'
2023-03-03 07:33:41.454  INFO 952 --- [main] o.hibernate.jpa.internal.util.LogHelper  : HHH000204: Processing PersistenceUnitInfo [name: default]
2023-03-03 07:33:41.520  INFO 952 --- [main] org.hibernate.Version                    : HHH000412: Hibernate ORM core version 5.6.15.Final
2023-03-03 07:33:41.716  INFO 952 --- [main] o.hibernate.annotations.common.Version   : HCANN000001: Hibernate Commons Annotations {5.1.2.Final}
2023-03-03 07:33:41.857  INFO 952 --- [main] org.hibernate.dialect.Dialect            : HHH000400: Using dialect: org.hibernate.dialect.H2Dialect
2023-03-03 07:33:42.144  INFO 952 --- [main] o.h.e.t.j.p.i.JtaPlatformInitiator       : HHH000490: Using JtaPlatform implementation: [org.hibernate.engine.transaction.jta.platform.internal.NoJtaPlatform]
2023-03-03 07:33:42.175  INFO 952 --- [main] j.LocalContainerEntityManagerFactoryBean : Initialized JPA EntityManagerFactory for persistence unit 'default'
2023-03-03 07:33:42.300  WARN 952 --- [main] o.s.security.core.userdetails.User       : User.withDefaultPasswordEncoder() is considered unsafe for production and is only intended for sample applications.
2023-03-03 07:33:42.448  WARN 952 --- [main] o.s.security.core.userdetails.User       : User.withDefaultPasswordEncoder() is considered unsafe for production and is only intended for sample applications.
2023-03-03 07:33:42.661  INFO 952 --- [main] o.s.s.web.DefaultSecurityFilterChain     : Will secure any request with [org.springframework.security.web.session.DisableEncodeUrlFilter@75b363c3, org.springframework.security.web.context.request.async.WebAsyncManagerIntegrationFilter@6ea3a513, org.springframework.security.web.context.SecurityContextPersistenceFilter@11c3d22f, org.springframework.security.web.header.HeaderWriterFilter@4e7eba9f, org.springframework.web.filter.CorsFilter@3c4059a, org.springframework.security.web.authentication.logout.LogoutFilter@403f7aa2, org.springframework.security.web.authentication.UsernamePasswordAuthenticationFilter@545604a9, org.springframework.security.web.authentication.ui.DefaultLoginPageGeneratingFilter@7c8f047a, org.springframework.security.web.authentication.ui.DefaultLogoutPageGeneratingFilter@4b336cc8, org.springframework.security.web.savedrequest.RequestCacheAwareFilter@7d8f2eec, org.springframework.security.web.servletapi.SecurityContextHolderAwareRequestFilter@e886caf, org.springframework.security.web.authentication.AnonymousAuthenticationFilter@2570b316, org.springframework.security.web.session.SessionManagementFilter@b841713, org.springframework.security.web.access.ExceptionTranslationFilter@c754401, org.springframework.security.web.access.intercept.FilterSecurityInterceptor@1a3b1f7e]
2023-03-03 07:33:42.744  WARN 952 --- [main] JpaBaseConfiguration$JpaWebConfiguration : spring.jpa.open-in-view is enabled by default. Therefore, database queries may be performed during view rendering. Explicitly configure spring.jpa.open-in-view to disable this warning
2023-03-03 07:33:43.094  INFO 952 --- [main] o.s.b.w.embedded.tomcat.TomcatWebServer  : Tomcat started on port(s): 8080 (http) with context path ''
2023-03-03 07:33:43.106  INFO 952 --- [main] com.hermo.backend.BackEndApplication     : Started BackEndApplication in 4.591 seconds (JVM running for 5.021)
